2026-04-14 11:08:14 [main] INFO  com.optima.cms.OptimaAdapter - Starting OptimaAdapter using Java 21 with PID 23036 (C:\optima-cms-adapter\target\classes started by marinl in C:\optima-cms-adapter)
2026-04-14 11:08:14 [main] INFO  com.optima.cms.OptimaAdapter - No active profile set, falling back to 1 default profile: "default"
2026-04-14 11:08:16 [main] INFO  o.s.b.w.e.tomcat.TomcatWebServer - Tomcat initialized with port 9090 (http)
2026-04-14 11:08:16 [main] INFO  o.a.catalina.core.StandardService - Starting service [Tomcat]
2026-04-14 11:08:16 [main] INFO  o.a.catalina.core.StandardEngine - Starting Servlet engine: [Apache Tomcat/10.1.53]
2026-04-14 11:08:16 [main] INFO  o.a.c.c.C.[Tomcat].[localhost].[/] - Initializing Spring embedded WebApplicationContext
2026-04-14 11:08:16 [main] INFO  o.s.b.w.s.c.ServletWebServerApplicationContext - Root WebApplicationContext: initialization completed in 2293 ms
2026-04-14 11:08:21 [main] INFO  o.s.b.w.e.tomcat.TomcatWebServer - Tomcat started on port 9090 (http) with context path '/'
2026-04-14 11:08:21 [main] INFO  o.s.b.w.e.tomcat.TomcatWebServer - Tomcat initialized with port 9091 (http)
2026-04-14 11:08:21 [main] INFO  o.a.catalina.core.StandardService - Starting service [Tomcat]
2026-04-14 11:08:21 [main] INFO  o.a.catalina.core.StandardEngine - Starting Servlet engine: [Apache Tomcat/10.1.53]
2026-04-14 11:08:21 [main] INFO  o.a.c.c.C.[Tomcat-1].[localhost].[/] - Initializing Spring embedded WebApplicationContext
2026-04-14 11:08:21 [main] INFO  o.s.b.w.s.c.ServletWebServerApplicationContext - Root WebApplicationContext: initialization completed in 287 ms
2026-04-14 11:08:21 [main] INFO  o.s.b.a.e.web.EndpointLinksResolver - Exposing 3 endpoints beneath base path '/actuator'
2026-04-14 11:08:21 [main] INFO  o.s.b.w.e.tomcat.TomcatWebServer - Tomcat started on port 9091 (http) with context path '/'
2026-04-14 11:08:22 [main] INFO  o.a.c.i.engine.AbstractCamelContext - Apache Camel 4.18.0 (camel-1) is starting
2026-04-14 11:08:22 [main] INFO  o.a.c.i.engine.AbstractCamelContext - Routes startup (total:1)
2026-04-14 11:08:22 [main] INFO  o.a.c.i.engine.AbstractCamelContext -     Started startup (timer://startup)
2026-04-14 11:08:22 [main] INFO  o.a.c.i.engine.AbstractCamelContext - Apache Camel 4.18.0 (camel-1) started in 27ms (build:0ms init:0ms start:27ms boot:5s320ms)
2026-04-14 11:08:22 [main] INFO  com.optima.cms.OptimaAdapter - Started OptimaAdapter in 8.735 seconds (process running for 9.248)
2026-04-14 11:08:22 [main] INFO  com.optima.cms.OptimaAdapter - Optima CMS adapter application has started...
2026-04-14 11:08:23 [Camel (camel-1) thread #1 - timer://startup] INFO  startup - Camel route startup has begun
2026-04-14 11:09:22 [SpringApplicationShutdownHook] INFO  o.s.b.w.e.tomcat.GracefulShutdown - Commencing graceful shutdown. Waiting for active requests to complete
2026-04-14 11:09:22 [tomcat-shutdown] INFO  o.s.b.w.e.tomcat.GracefulShutdown - Graceful shutdown complete
2026-04-14 11:09:22 [SpringApplicationShutdownHook] INFO  o.s.b.w.e.tomcat.GracefulShutdown - Commencing graceful shutdown. Waiting for active requests to complete
2026-04-14 11:09:22 [tomcat-shutdown] INFO  o.s.b.w.e.tomcat.GracefulShutdown - Graceful shutdown complete
2026-04-14 11:09:22 [SpringApplicationShutdownHook] INFO  o.a.c.i.engine.AbstractCamelContext - Apache Camel 4.18.0 (camel-1) is shutting down (timeout:45s)
2026-04-14 11:09:22 [SpringApplicationShutdownHook] INFO  o.a.c.i.engine.AbstractCamelContext - Routes stopped (total:1)
2026-04-14 11:09:22 [SpringApplicationShutdownHook] INFO  o.a.c.i.engine.AbstractCamelContext -     Stopped startup (timer://startup)
2026-04-14 11:09:22 [SpringApplicationShutdownHook] INFO  o.a.c.i.engine.AbstractCamelContext - Apache Camel 4.18.0 (camel-1) shutdown in 12ms (uptime:1m0s)
2026-04-14 11:09:31 [main] INFO  com.optima.cms.OptimaAdapter - Starting OptimaAdapter using Java 21 with PID 29896 (C:\optima-cms-adapter\target\classes started by marinl in C:\optima-cms-adapter)
2026-04-14 11:09:31 [main] INFO  com.optima.cms.OptimaAdapter - No active profile set, falling back to 1 default profile: "default"
2026-04-14 11:09:35 [main] INFO  o.s.b.w.e.tomcat.TomcatWebServer - Tomcat initialized with port 9090 (http)
2026-04-14 11:09:35 [main] INFO  o.a.catalina.core.StandardService - Starting service [Tomcat]
2026-04-14 11:09:35 [main] INFO  o.a.catalina.core.StandardEngine - Starting Servlet engine: [Apache Tomcat/10.1.53]
2026-04-14 11:09:35 [main] INFO  o.a.c.c.C.[Tomcat].[localhost].[/] - Initializing Spring embedded WebApplicationContext
2026-04-14 11:09:35 [main] INFO  o.s.b.w.s.c.ServletWebServerApplicationContext - Root WebApplicationContext: initialization completed in 4033 ms
2026-04-14 11:09:39 [main] INFO  o.s.b.w.e.tomcat.TomcatWebServer - Tomcat started on port 9090 (http) with context path '/'
2026-04-14 11:09:39 [main] INFO  o.s.b.w.e.tomcat.TomcatWebServer - Tomcat initialized with port 9091 (http)
2026-04-14 11:09:39 [main] INFO  o.a.catalina.core.StandardService - Starting service [Tomcat]
2026-04-14 11:09:39 [main] INFO  o.a.catalina.core.StandardEngine - Starting Servlet engine: [Apache Tomcat/10.1.53]
2026-04-14 11:09:39 [main] INFO  o.a.c.c.C.[Tomcat-1].[localhost].[/] - Initializing Spring embedded WebApplicationContext
2026-04-14 11:09:39 [main] INFO  o.s.b.w.s.c.ServletWebServerApplicationContext - Root WebApplicationContext: initialization completed in 275 ms
2026-04-14 11:09:39 [main] INFO  o.s.b.a.e.web.EndpointLinksResolver - Exposing 3 endpoints beneath base path '/actuator'
2026-04-14 11:09:39 [main] INFO  o.s.b.w.e.tomcat.TomcatWebServer - Tomcat started on port 9091 (http) with context path '/'
2026-04-14 11:09:40 [main] INFO  o.a.c.i.engine.AbstractCamelContext - Apache Camel 4.18.0 (camel-1) is starting
2026-04-14 11:09:40 [main] INFO  o.a.c.i.engine.AbstractCamelContext - Routes startup (total:1)
2026-04-14 11:09:40 [main] INFO  o.a.c.i.engine.AbstractCamelContext -     Started startup (timer://startup)
2026-04-14 11:09:40 [main] INFO  o.a.c.i.engine.AbstractCamelContext - Apache Camel 4.18.0 (camel-1) started in 31ms (build:0ms init:0ms start:31ms boot:4s566ms)
2026-04-14 11:09:40 [main] INFO  com.optima.cms.OptimaAdapter - Started OptimaAdapter in 10.572 seconds (process running for 11.864)
2026-04-14 11:09:40 [main] INFO  com.optima.cms.OptimaAdapter - Optima CMS adapter application has started...
2026-04-14 11:09:41 [Camel (camel-1) thread #1 - timer://startup] INFO  startup - Camel route startup has begun
2026-04-14 11:09:49 [http-nio-9090-exec-2] INFO  o.a.c.c.C.[Tomcat].[localhost].[/] - Initializing Spring DispatcherServlet 'dispatcherServlet'
2026-04-14 11:09:49 [http-nio-9090-exec-2] INFO  o.s.web.servlet.DispatcherServlet - Initializing Servlet 'dispatcherServlet'
2026-04-14 11:09:49 [http-nio-9090-exec-2] INFO  o.s.web.servlet.DispatcherServlet - Completed initialization in 1 ms
2026-04-14 11:09:50 [http-nio-9090-exec-2] INFO  c.o.cms.controller.RestEntrypoint - ping
2026-04-14 11:10:41 [Camel (camel-1) thread #1 - timer://startup] INFO  startup - Camel route startup has begun
2026-04-14 11:11:41 [Camel (camel-1) thread #1 - timer://startup] INFO  startup - Camel route startup has begun
2026-04-14 11:12:41 [Camel (camel-1) thread #1 - timer://startup] INFO  startup - Camel route startup has begun
2026-04-14 11:13:41 [Camel (camel-1) thread #1 - timer://startup] INFO  startup - Camel route startup has begun
2026-04-14 11:14:41 [Camel (camel-1) thread #1 - timer://startup] INFO  startup - Camel route startup has begun
2026-04-14 11:15:41 [Camel (camel-1) thread #1 - timer://startup] INFO  startup - Camel route startup has begun
2026-04-14 11:15:53 [SpringApplicationShutdownHook] INFO  o.s.b.w.e.tomcat.GracefulShutdown - Commencing graceful shutdown. Waiting for active requests to complete
2026-04-14 11:15:53 [tomcat-shutdown] INFO  o.s.b.w.e.tomcat.GracefulShutdown - Graceful shutdown complete
2026-04-14 11:15:53 [SpringApplicationShutdownHook] INFO  o.s.b.w.e.tomcat.GracefulShutdown - Commencing graceful shutdown. Waiting for active requests to complete
2026-04-14 11:15:53 [tomcat-shutdown] INFO  o.s.b.w.e.tomcat.GracefulShutdown - Graceful shutdown complete
2026-04-14 11:15:53 [SpringApplicationShutdownHook] INFO  o.a.c.i.engine.AbstractCamelContext - Apache Camel 4.18.0 (camel-1) is shutting down (timeout:45s)
2026-04-14 11:15:53 [SpringApplicationShutdownHook] INFO  o.a.c.i.engine.AbstractCamelContext - Routes stopped (total:1)
2026-04-14 11:15:53 [SpringApplicationShutdownHook] INFO  o.a.c.i.engine.AbstractCamelContext -     Stopped startup (timer://startup)
2026-04-14 11:15:53 [SpringApplicationShutdownHook] INFO  o.a.c.i.engine.AbstractCamelContext - Apache Camel 4.18.0 (camel-1) shutdown in 6ms (uptime:6m13s)
2026-04-14 11:16:19 [main] INFO  com.optima.cms.OptimaAdapter - Starting OptimaAdapter using Java 21 with PID 35264 (C:\optima-cms-adapter\target\classes started by marinl in C:\optima-cms-adapter)
2026-04-14 11:16:19 [main] INFO  com.optima.cms.OptimaAdapter - No active profile set, falling back to 1 default profile: "default"
2026-04-14 11:16:21 [main] INFO  o.s.b.w.e.tomcat.TomcatWebServer - Tomcat initialized with port 9090 (http)
2026-04-14 11:16:21 [main] INFO  o.a.catalina.core.StandardService - Starting service [Tomcat]
2026-04-14 11:16:21 [main] INFO  o.a.catalina.core.StandardEngine - Starting Servlet engine: [Apache Tomcat/10.1.53]
2026-04-14 11:16:21 [main] INFO  o.a.c.c.C.[Tomcat].[localhost].[/] - Initializing Spring embedded WebApplicationContext
2026-04-14 11:16:21 [main] INFO  o.s.b.w.s.c.ServletWebServerApplicationContext - Root WebApplicationContext: initialization completed in 2310 ms
2026-04-14 11:16:24 [main] INFO  o.s.b.w.e.tomcat.TomcatWebServer - Tomcat started on port 9090 (http) with context path '/'
2026-04-14 11:16:24 [main] INFO  o.s.b.w.e.tomcat.TomcatWebServer - Tomcat initialized with port 9091 (http)
2026-04-14 11:16:24 [main] INFO  o.a.catalina.core.StandardService - Starting service [Tomcat]
2026-04-14 11:16:24 [main] INFO  o.a.catalina.core.StandardEngine - Starting Servlet engine: [Apache Tomcat/10.1.53]
2026-04-14 11:16:24 [main] INFO  o.a.c.c.C.[Tomcat-1].[localhost].[/] - Initializing Spring embedded WebApplicationContext
2026-04-14 11:16:24 [main] INFO  o.s.b.w.s.c.ServletWebServerApplicationContext - Root WebApplicationContext: initialization completed in 131 ms
2026-04-14 11:16:24 [main] INFO  o.s.b.a.e.web.EndpointLinksResolver - Exposing 3 endpoints beneath base path '/actuator'
2026-04-14 11:16:24 [main] INFO  o.s.b.w.e.tomcat.TomcatWebServer - Tomcat started on port 9091 (http) with context path '/'
2026-04-14 11:16:24 [main] INFO  o.a.c.i.engine.AbstractCamelContext - Apache Camel 4.18.0 (camel-1) is starting
2026-04-14 11:16:24 [main] INFO  o.a.c.i.engine.AbstractCamelContext - Routes startup (total:1)
2026-04-14 11:16:24 [main] INFO  o.a.c.i.engine.AbstractCamelContext -     Started startup (timer://startup)
2026-04-14 11:16:24 [main] INFO  o.a.c.i.engine.AbstractCamelContext - Apache Camel 4.18.0 (camel-1) started in 9ms (build:0ms init:0ms start:9ms boot:2s871ms)
2026-04-14 11:16:24 [main] INFO  com.optima.cms.OptimaAdapter - Started OptimaAdapter in 6.38 seconds (process running for 7.063)
2026-04-14 11:16:24 [main] INFO  com.optima.cms.OptimaAdapter - Optima CMS adapter application has started...
2026-04-14 11:16:25 [Camel (camel-1) thread #1 - timer://startup] INFO  startup - Camel route startup has begun
2026-04-14 11:17:25 [Camel (camel-1) thread #1 - timer://startup] INFO  startup - Camel route startup has begun
2026-04-14 11:17:57 [http-nio-9090-exec-2] INFO  o.a.c.c.C.[Tomcat].[localhost].[/] - Initializing Spring DispatcherServlet 'dispatcherServlet'
2026-04-14 11:17:57 [http-nio-9090-exec-2] INFO  o.s.web.servlet.DispatcherServlet - Initializing Servlet 'dispatcherServlet'
2026-04-14 11:17:57 [http-nio-9090-exec-2] INFO  o.s.web.servlet.DispatcherServlet - Completed initialization in 5 ms
2026-04-14 11:17:57 [http-nio-9090-exec-2] WARN  o.s.w.s.m.s.DefaultHandlerExceptionResolver - Resolved [org.springframework.web.HttpRequestMethodNotSupportedException: Request method 'GET' is not supported]
2026-04-14 11:18:06 [http-nio-9090-exec-3] INFO  c.o.cms.controller.RestEntrypoint - planFindAll externalIds=[2000265716, 2000251334, 2000269423, 2000251697, 2000253628]
2026-04-14 11:18:25 [Camel (camel-1) thread #1 - timer://startup] INFO  startup - Camel route startup has begun
2026-04-14 11:19:25 [Camel (camel-1) thread #1 - timer://startup] INFO  startup - Camel route startup has begun
2026-04-14 11:20:25 [Camel (camel-1) thread #1 - timer://startup] INFO  startup - Camel route startup has begun
2026-04-14 11:21:25 [Camel (camel-1) thread #1 - timer://startup] INFO  startup - Camel route startup has begun
2026-04-14 11:22:21 [http-nio-9090-exec-6] INFO  c.o.cms.controller.RestEntrypoint - planFindAll externalIds=[2000265716, 2000251334, 2000269423, 2000251697, 2000253628]
2026-04-14 11:22:25 [Camel (camel-1) thread #1 - timer://startup] INFO  startup - Camel route startup has begun
2026-04-14 11:23:25 [Camel (camel-1) thread #1 - timer://startup] INFO  startup - Camel route startup has begun
2026-04-14 11:24:25 [Camel (camel-1) thread #1 - timer://startup] INFO  startup - Camel route startup has begun
2026-04-14 11:25:25 [Camel (camel-1) thread #1 - timer://startup] INFO  startup - Camel route startup has begun
2026-04-14 11:26:25 [Camel (camel-1) thread #1 - timer://startup] INFO  startup - Camel route startup has begun
2026-04-14 11:27:25 [Camel (camel-1) thread #1 - timer://startup] INFO  startup - Camel route startup has begun
2026-04-14 11:28:25 [Camel (camel-1) thread #1 - timer://startup] INFO  startup - Camel route startup has begun
2026-04-14 11:29:25 [Camel (camel-1) thread #1 - timer://startup] INFO  startup - Camel route startup has begun
2026-04-14 11:30:25 [Camel (camel-1) thread #1 - timer://startup] INFO  startup - Camel route startup has begun
2026-04-14 11:31:25 [Camel (camel-1) thread #1 - timer://startup] INFO  startup - Camel route startup has begun
2026-04-14 11:32:25 [Camel (camel-1) thread #1 - timer://startup] INFO  startup - Camel route startup has begun
2026-04-14 11:33:25 [Camel (camel-1) thread #1 - timer://startup] INFO  startup - Camel route startup has begun
2026-04-14 11:34:25 [Camel (camel-1) thread #1 - timer://startup] INFO  startup - Camel route startup has begun
2026-04-14 11:35:25 [Camel (camel-1) thread #1 - timer://startup] INFO  startup - Camel route startup has begun
2026-04-14 11:35:45 [http-nio-9090-exec-10] INFO  c.o.cms.controller.RestEntrypoint - planFindAll externalIds=[2000265716, 2000251334, 2000269423, 2000251697, 2000253628]
2026-04-14 11:36:25 [Camel (camel-1) thread #1 - timer://startup] INFO  startup - Camel route startup has begun
2026-04-14 11:37:25 [Camel (camel-1) thread #1 - timer://startup] INFO  startup - Camel route startup has begun
2026-04-14 11:38:25 [Camel (camel-1) thread #1 - timer://startup] INFO  startup - Camel route startup has begun
2026-04-14 11:39:26 [Camel (camel-1) thread #1 - timer://startup] INFO  startup - Camel route startup has begun
2026-04-14 11:40:26 [Camel (camel-1) thread #1 - timer://startup] INFO  startup - Camel route startup has begun
2026-04-14 11:41:26 [Camel (camel-1) thread #1 - timer://startup] INFO  startup - Camel route startup has begun
2026-04-14 11:42:26 [Camel (camel-1) thread #1 - timer://startup] INFO  startup - Camel route startup has begun
2026-04-14 11:43:26 [Camel (camel-1) thread #1 - timer://startup] INFO  startup - Camel route startup has begun
2026-04-14 11:44:26 [Camel (camel-1) thread #1 - timer://startup] INFO  startup - Camel route startup has begun
2026-04-14 11:45:26 [Camel (camel-1) thread #1 - timer://startup] INFO  startup - Camel route startup has begun
2026-04-14 11:46:26 [Camel (camel-1) thread #1 - timer://startup] INFO  startup - Camel route startup has begun
2026-04-14 11:47:26 [Camel (camel-1) thread #1 - timer://startup] INFO  startup - Camel route startup has begun
2026-04-14 11:48:26 [Camel (camel-1) thread #1 - timer://startup] INFO  startup - Camel route startup has begun
2026-04-14 11:48:35 [http-nio-9090-exec-4] INFO  c.o.cms.controller.RestEntrypoint - planFindAll externalIds=[2000265716, 2000251334, 2000269423, 2000251697, 2000253628]
2026-04-14 11:49:04 [http-nio-9090-exec-7] INFO  c.o.cms.controller.RestEntrypoint - planFindAll externalIds=[2000265716, 2000251334, 2000269423, 2000251697, 2000253628]
2026-04-14 11:49:26 [Camel (camel-1) thread #1 - timer://startup] INFO  startup - Camel route startup has begun
2026-04-14 11:50:26 [Camel (camel-1) thread #1 - timer://startup] INFO  startup - Camel route startup has begun
2026-04-14 11:51:26 [Camel (camel-1) thread #1 - timer://startup] INFO  startup - Camel route startup has begun
2026-04-14 11:52:26 [Camel (camel-1) thread #1 - timer://startup] INFO  startup - Camel route startup has begun
2026-04-14 11:53:26 [Camel (camel-1) thread #1 - timer://startup] INFO  startup - Camel route startup has begun
2026-04-14 11:54:26 [Camel (camel-1) thread #1 - timer://startup] INFO  startup - Camel route startup has begun
2026-04-14 11:55:26 [Camel (camel-1) thread #1 - timer://startup] INFO  startup - Camel route startup has begun
2026-04-14 11:56:26 [Camel (camel-1) thread #1 - timer://startup] INFO  startup - Camel route startup has begun
2026-04-14 11:57:26 [Camel (camel-1) thread #1 - timer://startup] INFO  startup - Camel route startup has begun
2026-04-14 11:58:26 [Camel (camel-1) thread #1 - timer://startup] INFO  startup - Camel route startup has begun
2026-04-14 11:59:26 [Camel (camel-1) thread #1 - timer://startup] INFO  startup - Camel route startup has begun
2026-04-14 12:00:26 [Camel (camel-1) thread #1 - timer://startup] INFO  startup - Camel route startup has begun
2026-04-14 12:01:26 [Camel (camel-1) thread #1 - timer://startup] INFO  startup - Camel route startup has begun
2026-04-14 12:02:26 [Camel (camel-1) thread #1 - timer://startup] INFO  startup - Camel route startup has begun
2026-04-14 12:03:26 [Camel (camel-1) thread #1 - timer://startup] INFO  startup - Camel route startup has begun
2026-04-14 12:04:26 [Camel (camel-1) thread #1 - timer://startup] INFO  startup - Camel route startup has begun
2026-04-14 12:05:26 [Camel (camel-1) thread #1 - timer://startup] INFO  startup - Camel route startup has begun
2026-04-14 12:06:26 [Camel (camel-1) thread #1 - timer://startup] INFO  startup - Camel route startup has begun
2026-04-14 12:07:26 [Camel (camel-1) thread #1 - timer://startup] INFO  startup - Camel route startup has begun
2026-04-14 12:08:26 [Camel (camel-1) thread #1 - timer://startup] INFO  startup - Camel route startup has begun
2026-04-14 12:09:26 [Camel (camel-1) thread #1 - timer://startup] INFO  startup - Camel route startup has begun
2026-04-14 12:10:26 [Camel (camel-1) thread #1 - timer://startup] INFO  startup - Camel route startup has begun
2026-04-14 12:11:26 [Camel (camel-1) thread #1 - timer://startup] INFO  startup - Camel route startup has begun
2026-04-14 12:12:26 [Camel (camel-1) thread #1 - timer://startup] INFO  startup - Camel route startup has begun
2026-04-14 12:13:26 [Camel (camel-1) thread #1 - timer://startup] INFO  startup - Camel route startup has begun
2026-04-14 12:14:26 [Camel (camel-1) thread #1 - timer://startup] INFO  startup - Camel route startup has begun
2026-04-14 12:15:26 [Camel (camel-1) thread #1 - timer://startup] INFO  startup - Camel route startup has begun
2026-04-14 12:16:26 [Camel (camel-1) thread #1 - timer://startup] INFO  startup - Camel route startup has begun
2026-04-14 12:17:26 [Camel (camel-1) thread #1 - timer://startup] INFO  startup - Camel route startup has begun
2026-04-14 12:18:26 [Camel (camel-1) thread #1 - timer://startup] INFO  startup - Camel route startup has begun
2026-04-14 12:19:26 [Camel (camel-1) thread #1 - timer://startup] INFO  startup - Camel route startup has begun
2026-04-14 12:20:26 [Camel (camel-1) thread #1 - timer://startup] INFO  startup - Camel route startup has begun
2026-04-14 12:21:26 [Camel (camel-1) thread #1 - timer://startup] INFO  startup - Camel route startup has begun
2026-04-14 12:22:26 [Camel (camel-1) thread #1 - timer://startup] INFO  startup - Camel route startup has begun
2026-04-14 12:23:26 [Camel (camel-1) thread #1 - timer://startup] INFO  startup - Camel route startup has begun
2026-04-14 12:24:26 [Camel (camel-1) thread #1 - timer://startup] INFO  startup - Camel route startup has begun
2026-04-14 12:25:26 [Camel (camel-1) thread #1 - timer://startup] INFO  startup - Camel route startup has begun
2026-04-14 12:26:26 [Camel (camel-1) thread #1 - timer://startup] INFO  startup - Camel route startup has begun
2026-04-14 12:27:26 [Camel (camel-1) thread #1 - timer://startup] INFO  startup - Camel route startup has begun
2026-04-14 12:28:26 [Camel (camel-1) thread #1 - timer://startup] INFO  startup - Camel route startup has begun
2026-04-14 12:29:26 [Camel (camel-1) thread #1 - timer://startup] INFO  startup - Camel route startup has begun
2026-04-14 12:30:26 [Camel (camel-1) thread #1 - timer://startup] INFO  startup - Camel route startup has begun
2026-04-14 12:30:54 [SpringApplicationShutdownHook] INFO  o.s.b.w.e.tomcat.GracefulShutdown - Commencing graceful shutdown. Waiting for active requests to complete
2026-04-14 12:30:54 [tomcat-shutdown] INFO  o.s.b.w.e.tomcat.GracefulShutdown - Graceful shutdown complete
2026-04-14 12:30:54 [SpringApplicationShutdownHook] INFO  o.s.b.w.e.tomcat.GracefulShutdown - Commencing graceful shutdown. Waiting for active requests to complete
2026-04-14 12:30:54 [tomcat-shutdown] INFO  o.s.b.w.e.tomcat.GracefulShutdown - Graceful shutdown complete
2026-04-14 12:30:55 [SpringApplicationShutdownHook] INFO  o.a.c.i.engine.AbstractCamelContext - Apache Camel 4.18.0 (camel-1) is shutting down (timeout:45s)
2026-04-14 12:30:55 [SpringApplicationShutdownHook] INFO  o.a.c.i.engine.AbstractCamelContext - Routes stopped (total:1)
2026-04-14 12:30:55 [SpringApplicationShutdownHook] INFO  o.a.c.i.engine.AbstractCamelContext -     Stopped startup (timer://startup)
2026-04-14 12:30:55 [SpringApplicationShutdownHook] INFO  o.a.c.i.engine.AbstractCamelContext - Apache Camel 4.18.0 (camel-1) shutdown in 18ms (uptime:1h14m)
