2026-04-20 10:05:02 [main] INFO  com.optima.cms.OptimaAdapter - Starting OptimaAdapter using Java 21 with PID 45092 (C:\optima-cms-adapter\target\classes started by marinl in C:\optima-cms-adapter)
2026-04-20 10:05:02 [main] INFO  com.optima.cms.OptimaAdapter - No active profile set, falling back to 1 default profile: "default"
2026-04-20 10:05:07 [main] INFO  o.s.b.w.e.tomcat.TomcatWebServer - Tomcat initialized with port 9090 (http)
2026-04-20 10:05:07 [main] INFO  o.a.catalina.core.StandardService - Starting service [Tomcat]
2026-04-20 10:05:07 [main] INFO  o.a.catalina.core.StandardEngine - Starting Servlet engine: [Apache Tomcat/10.1.31]
2026-04-20 10:05:07 [main] INFO  o.a.c.c.C.[Tomcat].[localhost].[/] - Initializing Spring embedded WebApplicationContext
2026-04-20 10:05:07 [main] INFO  o.s.b.w.s.c.ServletWebServerApplicationContext - Root WebApplicationContext: initialization completed in 4875 ms
2026-04-20 10:05:11 [main] INFO  o.s.b.w.e.tomcat.TomcatWebServer - Tomcat started on port 9090 (http) with context path '/'
2026-04-20 10:05:11 [main] INFO  o.s.b.w.e.tomcat.TomcatWebServer - Tomcat initialized with port 9091 (http)
2026-04-20 10:05:11 [main] INFO  o.a.catalina.core.StandardService - Starting service [Tomcat]
2026-04-20 10:05:11 [main] INFO  o.a.catalina.core.StandardEngine - Starting Servlet engine: [Apache Tomcat/10.1.31]
2026-04-20 10:05:11 [main] INFO  o.a.c.c.C.[Tomcat-1].[localhost].[/] - Initializing Spring embedded WebApplicationContext
2026-04-20 10:05:11 [main] INFO  o.s.b.w.s.c.ServletWebServerApplicationContext - Root WebApplicationContext: initialization completed in 173 ms
2026-04-20 10:05:11 [main] INFO  o.s.b.a.e.web.EndpointLinksResolver - Exposing 3 endpoints beneath base path '/actuator'
2026-04-20 10:05:11 [main] INFO  o.s.b.w.e.tomcat.TomcatWebServer - Tomcat started on port 9091 (http) with context path '/'
2026-04-20 10:05:11 [main] INFO  o.a.c.i.engine.AbstractCamelContext - Apache Camel 4.18.0 (camel-1) is starting
2026-04-20 10:05:11 [main] INFO  o.a.c.i.engine.AbstractCamelContext - Routes startup (total:1)
2026-04-20 10:05:11 [main] INFO  o.a.c.i.engine.AbstractCamelContext -     Started startup (timer://startup)
2026-04-20 10:05:11 [main] INFO  o.a.c.i.engine.AbstractCamelContext - Apache Camel 4.18.0 (camel-1) started in 10ms (build:0ms init:0ms start:10ms boot:3s398ms)
2026-04-20 10:05:11 [main] INFO  com.optima.cms.OptimaAdapter - Started OptimaAdapter in 10.375 seconds (process running for 11.623)
2026-04-20 10:05:11 [main] INFO  com.optima.cms.OptimaAdapter - Optima CMS adapter application has started...
2026-04-20 10:05:12 [Camel (camel-1) thread #1 - timer://startup] INFO  startup - Camel route startup has begun
2026-04-20 10:05:35 [http-nio-9090-exec-1] INFO  o.a.c.c.C.[Tomcat].[localhost].[/] - Initializing Spring DispatcherServlet 'dispatcherServlet'
2026-04-20 10:05:35 [http-nio-9090-exec-1] INFO  o.s.web.servlet.DispatcherServlet - Initializing Servlet 'dispatcherServlet'
2026-04-20 10:05:35 [http-nio-9090-exec-1] INFO  o.s.web.servlet.DispatcherServlet - Completed initialization in 9 ms
2026-04-20 10:06:12 [Camel (camel-1) thread #1 - timer://startup] INFO  startup - Camel route startup has begun
2026-04-20 10:07:12 [Camel (camel-1) thread #1 - timer://startup] INFO  startup - Camel route startup has begun
2026-04-20 10:08:12 [Camel (camel-1) thread #1 - timer://startup] INFO  startup - Camel route startup has begun
2026-04-20 10:09:12 [Camel (camel-1) thread #1 - timer://startup] INFO  startup - Camel route startup has begun
2026-04-20 10:10:12 [Camel (camel-1) thread #1 - timer://startup] INFO  startup - Camel route startup has begun
2026-04-20 10:11:12 [Camel (camel-1) thread #1 - timer://startup] INFO  startup - Camel route startup has begun
2026-04-20 10:12:12 [Camel (camel-1) thread #1 - timer://startup] INFO  startup - Camel route startup has begun
2026-04-20 10:13:12 [Camel (camel-1) thread #1 - timer://startup] INFO  startup - Camel route startup has begun
2026-04-20 10:14:12 [Camel (camel-1) thread #1 - timer://startup] INFO  startup - Camel route startup has begun
2026-04-20 10:15:12 [Camel (camel-1) thread #1 - timer://startup] INFO  startup - Camel route startup has begun
2026-04-20 10:16:12 [Camel (camel-1) thread #1 - timer://startup] INFO  startup - Camel route startup has begun
2026-04-20 10:17:12 [Camel (camel-1) thread #1 - timer://startup] INFO  startup - Camel route startup has begun
2026-04-20 10:18:12 [Camel (camel-1) thread #1 - timer://startup] INFO  startup - Camel route startup has begun
2026-04-20 10:19:12 [Camel (camel-1) thread #1 - timer://startup] INFO  startup - Camel route startup has begun
2026-04-20 10:20:12 [Camel (camel-1) thread #1 - timer://startup] INFO  startup - Camel route startup has begun
2026-04-20 10:20:45 [SpringApplicationShutdownHook] INFO  o.s.b.w.e.tomcat.GracefulShutdown - Commencing graceful shutdown. Waiting for active requests to complete
2026-04-20 10:20:45 [tomcat-shutdown] INFO  o.s.b.w.e.tomcat.GracefulShutdown - Graceful shutdown complete
2026-04-20 10:20:45 [SpringApplicationShutdownHook] INFO  o.s.b.w.e.tomcat.GracefulShutdown - Commencing graceful shutdown. Waiting for active requests to complete
2026-04-20 10:20:45 [tomcat-shutdown] INFO  o.s.b.w.e.tomcat.GracefulShutdown - Graceful shutdown complete
2026-04-20 10:20:45 [SpringApplicationShutdownHook] INFO  o.a.c.i.engine.AbstractCamelContext - Apache Camel 4.18.0 (camel-1) is shutting down (timeout:45s)
2026-04-20 10:20:45 [SpringApplicationShutdownHook] INFO  o.a.c.i.engine.AbstractCamelContext - Routes stopped (total:1)
2026-04-20 10:20:45 [SpringApplicationShutdownHook] INFO  o.a.c.i.engine.AbstractCamelContext -     Stopped startup (timer://startup)
2026-04-20 10:20:45 [SpringApplicationShutdownHook] INFO  o.a.c.i.engine.AbstractCamelContext - Apache Camel 4.18.0 (camel-1) shutdown in 10ms (uptime:15m33s)
2026-04-20 13:19:46 [main] INFO  com.optima.cms.OptimaAdapter - Starting OptimaAdapter using Java 21 with PID 38100 (C:\optima-cms-adapter\target\classes started by marinl in C:\optima-cms-adapter)
2026-04-20 13:19:46 [main] INFO  com.optima.cms.OptimaAdapter - No active profile set, falling back to 1 default profile: "default"
2026-04-20 13:19:51 [main] INFO  o.s.b.w.e.tomcat.TomcatWebServer - Tomcat initialized with port 9090 (http)
2026-04-20 13:19:51 [main] INFO  o.a.catalina.core.StandardService - Starting service [Tomcat]
2026-04-20 13:19:51 [main] INFO  o.a.catalina.core.StandardEngine - Starting Servlet engine: [Apache Tomcat/10.1.31]
2026-04-20 13:19:51 [main] INFO  o.a.c.c.C.[Tomcat].[localhost].[/] - Initializing Spring embedded WebApplicationContext
2026-04-20 13:19:51 [main] INFO  o.s.b.w.s.c.ServletWebServerApplicationContext - Root WebApplicationContext: initialization completed in 4706 ms
2026-04-20 13:19:57 [main] INFO  o.s.b.w.e.tomcat.TomcatWebServer - Tomcat started on port 9090 (http) with context path '/'
2026-04-20 13:19:57 [main] INFO  o.s.b.w.e.tomcat.TomcatWebServer - Tomcat initialized with port 9091 (http)
2026-04-20 13:19:57 [main] INFO  o.a.catalina.core.StandardService - Starting service [Tomcat]
2026-04-20 13:19:57 [main] INFO  o.a.catalina.core.StandardEngine - Starting Servlet engine: [Apache Tomcat/10.1.31]
2026-04-20 13:19:58 [main] INFO  o.a.c.c.C.[Tomcat-1].[localhost].[/] - Initializing Spring embedded WebApplicationContext
2026-04-20 13:19:58 [main] INFO  o.s.b.w.s.c.ServletWebServerApplicationContext - Root WebApplicationContext: initialization completed in 623 ms
2026-04-20 13:19:58 [main] INFO  o.s.b.a.e.web.EndpointLinksResolver - Exposing 3 endpoints beneath base path '/actuator'
2026-04-20 13:19:58 [main] INFO  o.s.b.w.e.tomcat.TomcatWebServer - Tomcat started on port 9091 (http) with context path '/'
2026-04-20 13:20:06 [main] INFO  o.a.c.i.engine.AbstractCamelContext - Apache Camel 4.18.0 (camel-1) is starting
2026-04-20 13:20:06 [main] INFO  o.a.c.i.engine.AbstractCamelContext - Routes startup (total:1)
2026-04-20 13:20:06 [main] INFO  o.a.c.i.engine.AbstractCamelContext -     Started startup (timer://startup)
2026-04-20 13:20:06 [main] INFO  o.a.c.i.engine.AbstractCamelContext - Apache Camel 4.18.0 (camel-1) started in 17ms (build:0ms init:0ms start:17ms boot:13s801ms)
2026-04-20 13:20:06 [main] INFO  com.optima.cms.OptimaAdapter - Started OptimaAdapter in 20.74 seconds (process running for 22.162)
2026-04-20 13:20:06 [main] INFO  com.optima.cms.OptimaAdapter - Optima CMS adapter application has started...
2026-04-20 13:20:07 [Camel (camel-1) thread #1 - timer://startup] INFO  startup - Camel route startup has begun
2026-04-20 13:21:07 [Camel (camel-1) thread #1 - timer://startup] INFO  startup - Camel route startup has begun
2026-04-20 13:21:17 [http-nio-9090-exec-3] INFO  o.a.c.c.C.[Tomcat].[localhost].[/] - Initializing Spring DispatcherServlet 'dispatcherServlet'
2026-04-20 13:21:17 [http-nio-9090-exec-3] INFO  o.s.web.servlet.DispatcherServlet - Initializing Servlet 'dispatcherServlet'
2026-04-20 13:21:17 [http-nio-9090-exec-3] INFO  o.s.web.servlet.DispatcherServlet - Completed initialization in 1 ms
2026-04-20 13:21:32 [http-nio-9090-exec-6] INFO  c.o.c.a.magnolia.MagnoliaClient - Magnolia response: [{"name":"Gold-5G-Unlimited","description":"This is the good plan","externalId":"1234","attachment":[{"id":"plan-logo","name":"FFF","content":"<div>Full plan details HTML</div>","attachmentType":"picture"}],"price":[{"id":"1","type":"recurring","amount":{"value":"100","currency":"EUR"}}],"characteristics":{"allowance":[{"type":"data","value":"Unlimited"}],"features":[{"key":"123","value":"ABC"}]},"extension":[{"key":"TEST2","value":"1"}]}]
2026-04-20 13:22:07 [Camel (camel-1) thread #1 - timer://startup] INFO  startup - Camel route startup has begun
2026-04-20 13:23:07 [Camel (camel-1) thread #1 - timer://startup] INFO  startup - Camel route startup has begun
2026-04-20 13:24:07 [Camel (camel-1) thread #1 - timer://startup] INFO  startup - Camel route startup has begun
2026-04-20 13:24:09 [SpringApplicationShutdownHook] INFO  o.s.b.w.e.tomcat.GracefulShutdown - Commencing graceful shutdown. Waiting for active requests to complete
2026-04-20 13:24:09 [tomcat-shutdown] INFO  o.s.b.w.e.tomcat.GracefulShutdown - Graceful shutdown complete
2026-04-20 13:24:09 [SpringApplicationShutdownHook] INFO  o.s.b.w.e.tomcat.GracefulShutdown - Commencing graceful shutdown. Waiting for active requests to complete
2026-04-20 13:24:09 [tomcat-shutdown] INFO  o.s.b.w.e.tomcat.GracefulShutdown - Graceful shutdown complete
2026-04-20 13:24:09 [SpringApplicationShutdownHook] INFO  o.a.c.i.engine.AbstractCamelContext - Apache Camel 4.18.0 (camel-1) is shutting down (timeout:45s)
2026-04-20 13:24:09 [SpringApplicationShutdownHook] INFO  o.a.c.i.engine.AbstractCamelContext - Routes stopped (total:1)
2026-04-20 13:24:09 [SpringApplicationShutdownHook] INFO  o.a.c.i.engine.AbstractCamelContext -     Stopped startup (timer://startup)
2026-04-20 13:24:09 [SpringApplicationShutdownHook] INFO  o.a.c.i.engine.AbstractCamelContext - Apache Camel 4.18.0 (camel-1) shutdown in 11ms (uptime:4m3s)
2026-04-20 13:27:03 [main] INFO  com.optima.cms.OptimaAdapter - Starting OptimaAdapter using Java 21 with PID 15492 (C:\optima-cms-adapter\target\classes started by marinl in C:\optima-cms-adapter)
2026-04-20 13:27:03 [main] INFO  com.optima.cms.OptimaAdapter - No active profile set, falling back to 1 default profile: "default"
2026-04-20 13:27:05 [main] INFO  o.s.b.w.e.tomcat.TomcatWebServer - Tomcat initialized with port 9090 (http)
2026-04-20 13:27:05 [main] INFO  o.a.catalina.core.StandardService - Starting service [Tomcat]
2026-04-20 13:27:05 [main] INFO  o.a.catalina.core.StandardEngine - Starting Servlet engine: [Apache Tomcat/10.1.31]
2026-04-20 13:27:05 [main] INFO  o.a.c.c.C.[Tomcat].[localhost].[/] - Initializing Spring embedded WebApplicationContext
2026-04-20 13:27:05 [main] INFO  o.s.b.w.s.c.ServletWebServerApplicationContext - Root WebApplicationContext: initialization completed in 1902 ms
2026-04-20 13:27:07 [main] INFO  o.s.b.w.e.tomcat.TomcatWebServer - Tomcat started on port 9090 (http) with context path '/'
2026-04-20 13:27:08 [main] INFO  o.s.b.w.e.tomcat.TomcatWebServer - Tomcat initialized with port 9091 (http)
2026-04-20 13:27:08 [main] INFO  o.a.catalina.core.StandardService - Starting service [Tomcat]
2026-04-20 13:27:08 [main] INFO  o.a.catalina.core.StandardEngine - Starting Servlet engine: [Apache Tomcat/10.1.31]
2026-04-20 13:27:08 [main] INFO  o.a.c.c.C.[Tomcat-1].[localhost].[/] - Initializing Spring embedded WebApplicationContext
2026-04-20 13:27:08 [main] INFO  o.s.b.w.s.c.ServletWebServerApplicationContext - Root WebApplicationContext: initialization completed in 132 ms
2026-04-20 13:27:08 [main] INFO  o.s.b.a.e.web.EndpointLinksResolver - Exposing 3 endpoints beneath base path '/actuator'
2026-04-20 13:27:08 [main] INFO  o.s.b.w.e.tomcat.TomcatWebServer - Tomcat started on port 9091 (http) with context path '/'
2026-04-20 13:27:08 [main] INFO  o.a.c.i.engine.AbstractCamelContext - Apache Camel 4.18.0 (camel-1) is starting
2026-04-20 13:27:08 [main] INFO  o.a.c.i.engine.AbstractCamelContext - Routes startup (total:1)
2026-04-20 13:27:08 [main] INFO  o.a.c.i.engine.AbstractCamelContext -     Started startup (timer://startup)
2026-04-20 13:27:08 [main] INFO  o.a.c.i.engine.AbstractCamelContext - Apache Camel 4.18.0 (camel-1) started in 7ms (build:0ms init:0ms start:7ms boot:2s645ms)
2026-04-20 13:27:08 [main] INFO  com.optima.cms.OptimaAdapter - Started OptimaAdapter in 5.481 seconds (process running for 6.01)
2026-04-20 13:27:08 [main] INFO  com.optima.cms.OptimaAdapter - Optima CMS adapter application has started...
2026-04-20 13:27:09 [Camel (camel-1) thread #1 - timer://startup] INFO  startup - Camel route startup has begun
2026-04-20 13:28:09 [Camel (camel-1) thread #1 - timer://startup] INFO  startup - Camel route startup has begun
2026-04-20 13:28:31 [http-nio-9090-exec-5] INFO  o.a.c.c.C.[Tomcat].[localhost].[/] - Initializing Spring DispatcherServlet 'dispatcherServlet'
2026-04-20 13:28:31 [http-nio-9090-exec-5] INFO  o.s.web.servlet.DispatcherServlet - Initializing Servlet 'dispatcherServlet'
2026-04-20 13:28:31 [http-nio-9090-exec-5] INFO  o.s.web.servlet.DispatcherServlet - Completed initialization in 1 ms
2026-04-20 13:28:32 [http-nio-9090-exec-5] INFO  c.o.c.a.magnolia.MagnoliaClient - Magnolia response: [{"name":"Gold-5G-Unlimited","description":"This is the good plan","externalId":"1234","attachment":[{"id":"plan-logo","name":"FFF","content":"<div>Full plan details HTML</div>","attachmentType":"picture"}],"price":[{"id":"1","type":"recurring","amount":{"value":"100","currency":"EUR"}}],"characteristics":{"allowance":[{"type":"data","value":"Unlimited"}],"features":[{"key":"123","value":"ABC"}]},"extension":[{"key":"TEST2","value":"1"}]}]
2026-04-20 13:29:09 [Camel (camel-1) thread #1 - timer://startup] INFO  startup - Camel route startup has begun
2026-04-20 13:30:09 [Camel (camel-1) thread #1 - timer://startup] INFO  startup - Camel route startup has begun
2026-04-20 13:31:09 [Camel (camel-1) thread #1 - timer://startup] INFO  startup - Camel route startup has begun
2026-04-20 13:32:09 [Camel (camel-1) thread #1 - timer://startup] INFO  startup - Camel route startup has begun
2026-04-20 13:33:09 [Camel (camel-1) thread #1 - timer://startup] INFO  startup - Camel route startup has begun
2026-04-20 13:34:09 [Camel (camel-1) thread #1 - timer://startup] INFO  startup - Camel route startup has begun
2026-04-20 13:35:09 [Camel (camel-1) thread #1 - timer://startup] INFO  startup - Camel route startup has begun
2026-04-20 13:36:09 [Camel (camel-1) thread #1 - timer://startup] INFO  startup - Camel route startup has begun
2026-04-20 13:37:09 [Camel (camel-1) thread #1 - timer://startup] INFO  startup - Camel route startup has begun
2026-04-20 13:38:09 [Camel (camel-1) thread #1 - timer://startup] INFO  startup - Camel route startup has begun
2026-04-20 13:39:09 [Camel (camel-1) thread #1 - timer://startup] INFO  startup - Camel route startup has begun
2026-04-20 13:40:09 [Camel (camel-1) thread #1 - timer://startup] INFO  startup - Camel route startup has begun
2026-04-20 13:41:09 [Camel (camel-1) thread #1 - timer://startup] INFO  startup - Camel route startup has begun
2026-04-20 13:42:09 [Camel (camel-1) thread #1 - timer://startup] INFO  startup - Camel route startup has begun
2026-04-20 13:42:19 [SpringApplicationShutdownHook] INFO  o.s.b.w.e.tomcat.GracefulShutdown - Commencing graceful shutdown. Waiting for active requests to complete
2026-04-20 13:42:19 [tomcat-shutdown] INFO  o.s.b.w.e.tomcat.GracefulShutdown - Graceful shutdown complete
2026-04-20 13:42:19 [SpringApplicationShutdownHook] INFO  o.s.b.w.e.tomcat.GracefulShutdown - Commencing graceful shutdown. Waiting for active requests to complete
2026-04-20 13:42:19 [tomcat-shutdown] INFO  o.s.b.w.e.tomcat.GracefulShutdown - Graceful shutdown complete
2026-04-20 13:42:19 [SpringApplicationShutdownHook] INFO  o.a.c.i.engine.AbstractCamelContext - Apache Camel 4.18.0 (camel-1) is shutting down (timeout:45s)
2026-04-20 13:42:19 [SpringApplicationShutdownHook] INFO  o.a.c.i.engine.AbstractCamelContext - Routes stopped (total:1)
2026-04-20 13:42:19 [SpringApplicationShutdownHook] INFO  o.a.c.i.engine.AbstractCamelContext -     Stopped startup (timer://startup)
2026-04-20 13:42:19 [SpringApplicationShutdownHook] INFO  o.a.c.i.engine.AbstractCamelContext - Apache Camel 4.18.0 (camel-1) shutdown in 9ms (uptime:15m11s)
2026-04-20 13:42:52 [main] INFO  com.optima.cms.OptimaAdapter - Starting OptimaAdapter using Java 21 with PID 11776 (C:\optima-cms-adapter\target\classes started by marinl in C:\optima-cms-adapter)
2026-04-20 13:42:52 [main] INFO  com.optima.cms.OptimaAdapter - No active profile set, falling back to 1 default profile: "default"
2026-04-20 13:42:58 [main] INFO  o.s.b.w.e.tomcat.TomcatWebServer - Tomcat initialized with port 9090 (http)
2026-04-20 13:42:58 [main] INFO  o.a.catalina.core.StandardService - Starting service [Tomcat]
2026-04-20 13:42:58 [main] INFO  o.a.catalina.core.StandardEngine - Starting Servlet engine: [Apache Tomcat/10.1.31]
2026-04-20 13:42:58 [main] INFO  o.a.c.c.C.[Tomcat].[localhost].[/] - Initializing Spring embedded WebApplicationContext
2026-04-20 13:42:58 [main] INFO  o.s.b.w.s.c.ServletWebServerApplicationContext - Root WebApplicationContext: initialization completed in 6182 ms
2026-04-20 13:43:02 [main] INFO  o.s.b.w.e.tomcat.TomcatWebServer - Tomcat started on port 9090 (http) with context path '/'
2026-04-20 13:43:02 [main] INFO  o.s.b.w.e.tomcat.TomcatWebServer - Tomcat initialized with port 9091 (http)
2026-04-20 13:43:02 [main] INFO  o.a.catalina.core.StandardService - Starting service [Tomcat]
2026-04-20 13:43:02 [main] INFO  o.a.catalina.core.StandardEngine - Starting Servlet engine: [Apache Tomcat/10.1.31]
2026-04-20 13:43:02 [main] INFO  o.a.c.c.C.[Tomcat-1].[localhost].[/] - Initializing Spring embedded WebApplicationContext
2026-04-20 13:43:02 [main] INFO  o.s.b.w.s.c.ServletWebServerApplicationContext - Root WebApplicationContext: initialization completed in 144 ms
2026-04-20 13:43:02 [main] INFO  o.s.b.a.e.web.EndpointLinksResolver - Exposing 3 endpoints beneath base path '/actuator'
2026-04-20 13:43:02 [main] INFO  o.s.b.w.e.tomcat.TomcatWebServer - Tomcat started on port 9091 (http) with context path '/'
2026-04-20 13:43:03 [main] INFO  o.a.c.i.engine.AbstractCamelContext - Apache Camel 4.18.0 (camel-1) is starting
2026-04-20 13:43:03 [main] INFO  o.a.c.i.engine.AbstractCamelContext - Routes startup (total:1)
2026-04-20 13:43:03 [main] INFO  o.a.c.i.engine.AbstractCamelContext -     Started startup (timer://startup)
2026-04-20 13:43:03 [main] INFO  o.a.c.i.engine.AbstractCamelContext - Apache Camel 4.18.0 (camel-1) started in 8ms (build:0ms init:0ms start:8ms boot:3s533ms)
2026-04-20 13:43:03 [main] INFO  com.optima.cms.OptimaAdapter - Started OptimaAdapter in 11.826 seconds (process running for 13.083)
2026-04-20 13:43:03 [main] INFO  com.optima.cms.OptimaAdapter - Optima CMS adapter application has started...
2026-04-20 13:43:04 [Camel (camel-1) thread #1 - timer://startup] INFO  startup - Camel route startup has begun
2026-04-20 13:43:25 [http-nio-9090-exec-1] INFO  o.a.c.c.C.[Tomcat].[localhost].[/] - Initializing Spring DispatcherServlet 'dispatcherServlet'
2026-04-20 13:43:25 [http-nio-9090-exec-1] INFO  o.s.web.servlet.DispatcherServlet - Initializing Servlet 'dispatcherServlet'
2026-04-20 13:43:25 [http-nio-9090-exec-1] INFO  o.s.web.servlet.DispatcherServlet - Completed initialization in 5 ms
2026-04-20 13:43:26 [http-nio-9090-exec-1] INFO  c.o.c.a.magnolia.MagnoliaClient - Magnolia response: [{"name":"Gold-5G-Unlimited","description":"This is the good plan","externalId":"1234","attachment":[{"id":"plan-logo","name":"FFF","content":"<div>Full plan details HTML</div>","attachmentType":"picture"}],"price":[{"id":"1","type":"recurring","amount":{"value":"100","currency":"EUR"}}],"characteristics":{"allowance":[{"type":"data","value":"Unlimited"}],"features":[{"key":"123","value":"ABC"}]},"extension":[{"key":"TEST2","value":"1"}]}]
2026-04-20 13:44:04 [Camel (camel-1) thread #1 - timer://startup] INFO  startup - Camel route startup has begun
2026-04-20 13:45:04 [Camel (camel-1) thread #1 - timer://startup] INFO  startup - Camel route startup has begun
2026-04-20 13:46:03 [SpringApplicationShutdownHook] INFO  o.s.b.w.e.tomcat.GracefulShutdown - Commencing graceful shutdown. Waiting for active requests to complete
2026-04-20 13:46:03 [tomcat-shutdown] INFO  o.s.b.w.e.tomcat.GracefulShutdown - Graceful shutdown complete
2026-04-20 13:46:03 [SpringApplicationShutdownHook] INFO  o.s.b.w.e.tomcat.GracefulShutdown - Commencing graceful shutdown. Waiting for active requests to complete
2026-04-20 13:46:03 [tomcat-shutdown] INFO  o.s.b.w.e.tomcat.GracefulShutdown - Graceful shutdown complete
2026-04-20 13:46:03 [SpringApplicationShutdownHook] INFO  o.a.c.i.engine.AbstractCamelContext - Apache Camel 4.18.0 (camel-1) is shutting down (timeout:45s)
2026-04-20 13:46:03 [SpringApplicationShutdownHook] INFO  o.a.c.i.engine.AbstractCamelContext - Routes stopped (total:1)
2026-04-20 13:46:03 [SpringApplicationShutdownHook] INFO  o.a.c.i.engine.AbstractCamelContext -     Stopped startup (timer://startup)
2026-04-20 13:46:03 [SpringApplicationShutdownHook] INFO  o.a.c.i.engine.AbstractCamelContext - Apache Camel 4.18.0 (camel-1) shutdown in 12ms (uptime:3m0s)
2026-04-20 13:56:48 [main] INFO  com.optima.cms.OptimaAdapter - Starting OptimaAdapter using Java 21 with PID 4228 (C:\optima-cms-adapter\target\classes started by marinl in C:\optima-cms-adapter)
2026-04-20 13:56:48 [main] INFO  com.optima.cms.OptimaAdapter - No active profile set, falling back to 1 default profile: "default"
2026-04-20 13:56:50 [main] INFO  o.s.b.w.e.tomcat.TomcatWebServer - Tomcat initialized with port 9090 (http)
2026-04-20 13:56:50 [main] INFO  o.a.catalina.core.StandardService - Starting service [Tomcat]
2026-04-20 13:56:50 [main] INFO  o.a.catalina.core.StandardEngine - Starting Servlet engine: [Apache Tomcat/10.1.31]
2026-04-20 13:56:50 [main] INFO  o.a.c.c.C.[Tomcat].[localhost].[/] - Initializing Spring embedded WebApplicationContext
2026-04-20 13:56:50 [main] INFO  o.s.b.w.s.c.ServletWebServerApplicationContext - Root WebApplicationContext: initialization completed in 1743 ms
2026-04-20 13:56:53 [main] INFO  o.s.b.w.e.tomcat.TomcatWebServer - Tomcat started on port 9090 (http) with context path '/'
2026-04-20 13:56:53 [main] INFO  o.s.b.w.e.tomcat.TomcatWebServer - Tomcat initialized with port 9091 (http)
2026-04-20 13:56:53 [main] INFO  o.a.catalina.core.StandardService - Starting service [Tomcat]
2026-04-20 13:56:53 [main] INFO  o.a.catalina.core.StandardEngine - Starting Servlet engine: [Apache Tomcat/10.1.31]
2026-04-20 13:56:53 [main] INFO  o.a.c.c.C.[Tomcat-1].[localhost].[/] - Initializing Spring embedded WebApplicationContext
2026-04-20 13:56:53 [main] INFO  o.s.b.w.s.c.ServletWebServerApplicationContext - Root WebApplicationContext: initialization completed in 120 ms
2026-04-20 13:56:53 [main] INFO  o.s.b.a.e.web.EndpointLinksResolver - Exposing 3 endpoints beneath base path '/actuator'
2026-04-20 13:56:53 [main] INFO  o.s.b.w.e.tomcat.TomcatWebServer - Tomcat started on port 9091 (http) with context path '/'
2026-04-20 13:56:53 [main] INFO  o.a.c.i.engine.AbstractCamelContext - Apache Camel 4.18.0 (camel-1) is starting
2026-04-20 13:56:53 [main] INFO  o.a.c.i.engine.AbstractCamelContext - Routes startup (total:1)
2026-04-20 13:56:53 [main] INFO  o.a.c.i.engine.AbstractCamelContext -     Started startup (timer://startup)
2026-04-20 13:56:53 [main] INFO  o.a.c.i.engine.AbstractCamelContext - Apache Camel 4.18.0 (camel-1) started in 7ms (build:0ms init:0ms start:7ms boot:2s791ms)
2026-04-20 13:56:53 [main] INFO  com.optima.cms.OptimaAdapter - Started OptimaAdapter in 5.563 seconds (process running for 5.977)
2026-04-20 13:56:53 [main] INFO  com.optima.cms.OptimaAdapter - Optima CMS adapter application has started...
2026-04-20 13:56:54 [Camel (camel-1) thread #1 - timer://startup] INFO  startup - Camel route startup has begun
2026-04-20 13:57:10 [http-nio-9090-exec-2] INFO  o.a.c.c.C.[Tomcat].[localhost].[/] - Initializing Spring DispatcherServlet 'dispatcherServlet'
2026-04-20 13:57:10 [http-nio-9090-exec-2] INFO  o.s.web.servlet.DispatcherServlet - Initializing Servlet 'dispatcherServlet'
2026-04-20 13:57:10 [http-nio-9090-exec-2] INFO  o.s.web.servlet.DispatcherServlet - Completed initialization in 1 ms
2026-04-20 13:57:10 [http-nio-9090-exec-2] INFO  c.o.c.a.magnolia.MagnoliaClient - Magnolia response: [{"name":"Gold-5G-Unlimited","description":"This is the good plan","externalId":"1234","attachment":[{"id":"plan-logo","name":"FFF","content":"<div>Full plan details HTML</div>","attachmentType":"picture"}],"price":[{"id":"1","type":"recurring","amount":{"value":"100","currency":"EUR"}}],"characteristics":{"allowance":[{"type":"data","value":"Unlimited"}],"features":[{"key":"123","value":"ABC"}]},"extension":[{"key":"TEST2","value":"1"}]}]
2026-04-20 13:57:54 [Camel (camel-1) thread #1 - timer://startup] INFO  startup - Camel route startup has begun
2026-04-20 13:58:54 [Camel (camel-1) thread #1 - timer://startup] INFO  startup - Camel route startup has begun
2026-04-20 13:59:28 [http-nio-9090-exec-5] INFO  c.o.c.a.magnolia.MagnoliaClient - Magnolia response: [{"name":"Gold-5G-Unlimited","description":"This is the good plan","externalId":"1234","attachment":[{"id":"plan-logo","name":"FFF","content":"<div>Full plan details HTML</div>","attachmentType":"picture"}],"price":[{"id":"1","type":"recurring","amount":{"value":"100","currency":"EUR"}}],"characteristics":{"allowance":[{"type":"data","value":"Unlimited"}],"features":[{"key":"123","value":"ABC"}]},"extension":[{"key":"TEST2","value":"1"}]}]
2026-04-20 13:59:54 [Camel (camel-1) thread #1 - timer://startup] INFO  startup - Camel route startup has begun
2026-04-20 14:00:54 [Camel (camel-1) thread #1 - timer://startup] INFO  startup - Camel route startup has begun
2026-04-20 14:01:54 [Camel (camel-1) thread #1 - timer://startup] INFO  startup - Camel route startup has begun
2026-04-20 14:02:54 [Camel (camel-1) thread #1 - timer://startup] INFO  startup - Camel route startup has begun
2026-04-20 14:03:54 [Camel (camel-1) thread #1 - timer://startup] INFO  startup - Camel route startup has begun
2026-04-20 14:04:54 [Camel (camel-1) thread #1 - timer://startup] INFO  startup - Camel route startup has begun
2026-04-20 14:05:54 [Camel (camel-1) thread #1 - timer://startup] INFO  startup - Camel route startup has begun
2026-04-20 14:06:54 [Camel (camel-1) thread #1 - timer://startup] INFO  startup - Camel route startup has begun
2026-04-20 14:07:54 [Camel (camel-1) thread #1 - timer://startup] INFO  startup - Camel route startup has begun
2026-04-20 14:08:54 [Camel (camel-1) thread #1 - timer://startup] INFO  startup - Camel route startup has begun
2026-04-20 14:09:54 [Camel (camel-1) thread #1 - timer://startup] INFO  startup - Camel route startup has begun
2026-04-20 14:10:54 [Camel (camel-1) thread #1 - timer://startup] INFO  startup - Camel route startup has begun
2026-04-20 14:11:54 [Camel (camel-1) thread #1 - timer://startup] INFO  startup - Camel route startup has begun
2026-04-20 14:12:54 [Camel (camel-1) thread #1 - timer://startup] INFO  startup - Camel route startup has begun
2026-04-20 14:13:54 [Camel (camel-1) thread #1 - timer://startup] INFO  startup - Camel route startup has begun
2026-04-20 14:14:54 [Camel (camel-1) thread #1 - timer://startup] INFO  startup - Camel route startup has begun
2026-04-20 14:15:54 [Camel (camel-1) thread #1 - timer://startup] INFO  startup - Camel route startup has begun
2026-04-20 14:16:54 [Camel (camel-1) thread #1 - timer://startup] INFO  startup - Camel route startup has begun
2026-04-20 14:17:54 [Camel (camel-1) thread #1 - timer://startup] INFO  startup - Camel route startup has begun
2026-04-20 14:18:54 [Camel (camel-1) thread #1 - timer://startup] INFO  startup - Camel route startup has begun
2026-04-20 14:19:54 [Camel (camel-1) thread #1 - timer://startup] INFO  startup - Camel route startup has begun
2026-04-20 14:20:54 [Camel (camel-1) thread #1 - timer://startup] INFO  startup - Camel route startup has begun
2026-04-20 14:21:54 [Camel (camel-1) thread #1 - timer://startup] INFO  startup - Camel route startup has begun
2026-04-20 14:22:54 [Camel (camel-1) thread #1 - timer://startup] INFO  startup - Camel route startup has begun
2026-04-20 14:23:54 [Camel (camel-1) thread #1 - timer://startup] INFO  startup - Camel route startup has begun
2026-04-20 14:24:07 [SpringApplicationShutdownHook] INFO  o.s.b.w.e.tomcat.GracefulShutdown - Commencing graceful shutdown. Waiting for active requests to complete
2026-04-20 14:24:07 [tomcat-shutdown] INFO  o.s.b.w.e.tomcat.GracefulShutdown - Graceful shutdown complete
2026-04-20 14:24:07 [SpringApplicationShutdownHook] INFO  o.s.b.w.e.tomcat.GracefulShutdown - Commencing graceful shutdown. Waiting for active requests to complete
2026-04-20 14:24:07 [tomcat-shutdown] INFO  o.s.b.w.e.tomcat.GracefulShutdown - Graceful shutdown complete
2026-04-20 14:24:07 [SpringApplicationShutdownHook] INFO  o.a.c.i.engine.AbstractCamelContext - Apache Camel 4.18.0 (camel-1) is shutting down (timeout:45s)
2026-04-20 14:24:07 [SpringApplicationShutdownHook] INFO  o.a.c.i.engine.AbstractCamelContext - Routes stopped (total:1)
2026-04-20 14:24:07 [SpringApplicationShutdownHook] INFO  o.a.c.i.engine.AbstractCamelContext -     Stopped startup (timer://startup)
2026-04-20 14:24:07 [SpringApplicationShutdownHook] INFO  o.a.c.i.engine.AbstractCamelContext - Apache Camel 4.18.0 (camel-1) shutdown in 11ms (uptime:27m13s)
